#
# A fatal error has been detected by the Java Runtime Environment:
#
#  EXCEPTION_ACCESS_VIOLATION (0xc0000005) at pc=0x0000000066ec95bf, pid=8876, tid=7444
#
# JRE version: Java(TM) SE Runtime Environment (8.0_65-b17) (build 1.8.0_65-b17)
# Java VM: Java HotSpot(TM) 64-Bit Server VM (25.65-b01 mixed mode windows-amd64 compressed oops)
# Problematic frame:
# V  [jvm.dll+0x4b95bf]
#
# Failed to write core dump. Minidumps are not enabled by default on client versions of Windows
#
# If you would like to submit a bug report, please visit:
#   http://bugreport.java.com/bugreport/crash.jsp
#

---------------  T H R E A D  ---------------

Current thread (0x000000001c68c800):  JavaThread "C2 CompilerThread0" daemon [_thread_in_native, id=7444, stack(0x000000001dcc0000,0x000000001ddc0000)]

siginfo: ExceptionCode=0xc0000005, reading address 0x0000000000000008

Registers:
RAX=0x0000000000000000, RBX=0x0000000000000000, RCX=0x000000001e7378b0, RDX=0x0000000000004000
RSP=0x000000001ddbbb50, RBP=0x000000001e135110, RSI=0x000000001e7378b0, RDI=0x000000001ddbc020
R8 =0x0000000000000000, R9 =0x000000001e967630, R10=0x000000001ddbc020, R11=0x000000001e907a70
R12=0x000000001e902fd0, R13=0x000000001e136e60, R14=0x000000001ddbbc38, R15=0x000000001ddbbc58
RIP=0x0000000066ec95bf, EFLAGS=0x0000000000010202

Top of Stack: (sp=0x000000001ddbbb50)
0x000000001ddbbb50:   000000001e859440 000000001e135110
0x000000001ddbbb60:   000000001e7378b0 000000001ddbc020
0x000000001ddbbb70:   000000001e135110 000000001ddbbca8
0x000000001ddbbb80:   000000001ddbbd00 0000000066ecadd9
0x000000001ddbbb90:   000000001e859440 00000000000003d3
0x000000001ddbbba0:   0000000000000007 000000001e7378b0
0x000000001ddbbbb0:   000000001ddbc9f0 0000000066f14880
0x000000001ddbbbc0:   000000001e83db10 000000001c6576d0
0x000000001ddbbbd0:   000000001c6ccf90 000000001ddbbd00
0x000000001ddbbbe0:   000000001c6576d0 0000000000000000
0x000000001ddbbbf0:   000000001ddbc020 0000000066ecccef
0x000000001ddbbc00:   000000001ddbc020 0000000000000001
0x000000001ddbbc10:   0000000000000007 000000001c6ccf90
0x000000001ddbbc20:   000000001e83db60 000000001e845af8
0x000000001ddbbc30:   00000000000cffa8 000000001c6576d0
0x000000001ddbbc40:   0000000000000400 000000001e0bb3e0 

Instructions: (pc=0x0000000066ec95bf)
0x0000000066ec959f:   4c 89 64 24 50 4c 8b e0 4c 3b e8 0f 84 4f 01 00
0x0000000066ec95af:   00 44 8b 43 28 4c 8b 8f f0 09 00 00 4b 8b 1c c1
0x0000000066ec95bf:   48 8b 43 08 48 83 38 00 75 2a 8b 57 28 0f 1f 40
0x0000000066ec95cf:   00 8b 43 28 3b c2 73 0c 8b c8 48 8b 47 30 48 8b 


Register to memory mapping:

RAX=0x0000000000000000 is an unknown value
RBX=0x0000000000000000 is an unknown value
RCX=0x000000001e7378b0 is an unknown value
RDX=0x0000000000004000 is an unknown value
RSP=0x000000001ddbbb50 is pointing into the stack for thread: 0x000000001c68c800
RBP=0x000000001e135110 is an unknown value
RSI=0x000000001e7378b0 is an unknown value
RDI=0x000000001ddbc020 is pointing into the stack for thread: 0x000000001c68c800
R8 =0x0000000000000000 is an unknown value
R9 =0x000000001e967630 is an unknown value
R10=0x000000001ddbc020 is pointing into the stack for thread: 0x000000001c68c800
R11=0x000000001e907a70 is an unknown value
R12=0x000000001e902fd0 is an unknown value
R13=0x000000001e136e60 is an unknown value
R14=0x000000001ddbbc38 is pointing into the stack for thread: 0x000000001c68c800
R15=0x000000001ddbbc58 is pointing into the stack for thread: 0x000000001c68c800


Stack: [0x000000001dcc0000,0x000000001ddc0000],  sp=0x000000001ddbbb50,  free space=1006k
Native frames: (J=compiled Java code, j=interpreted, Vv=VM code, C=native code)
V  [jvm.dll+0x4b95bf]
V  [jvm.dll+0x4badd9]
V  [jvm.dll+0x4bccef]
V  [jvm.dll+0x46ed71]
V  [jvm.dll+0x46faae]
V  [jvm.dll+0x452cc2]
V  [jvm.dll+0xa4672]
V  [jvm.dll+0xa4faf]
V  [jvm.dll+0x243144]
V  [jvm.dll+0x299f7a]
C  [msvcr100.dll+0x21d9f]
C  [msvcr100.dll+0x21e3b]
C  [KERNEL32.DLL+0x12d92]
C  [ntdll.dll+0x9f64]


Current CompileTask:
C2:   3840  200       4       PBTreeNode::remove (1035 bytes)


---------------  P R O C E S S  ---------------

Java Threads: ( => current thread )
  0x000000001dff8800 JavaThread "Service Thread" daemon [_thread_blocked, id=7752, stack(0x000000001e3c0000,0x000000001e4c0000)]
  0x000000001c696800 JavaThread "C1 CompilerThread2" daemon [_thread_blocked, id=7856, stack(0x000000001dec0000,0x000000001dfc0000)]
  0x000000001c693000 JavaThread "C2 CompilerThread1" daemon [_thread_blocked, id=988, stack(0x000000001ddc0000,0x000000001dec0000)]
=>0x000000001c68c800 JavaThread "C2 CompilerThread0" daemon [_thread_in_native, id=7444, stack(0x000000001dcc0000,0x000000001ddc0000)]
  0x000000001c68a800 JavaThread "Attach Listener" daemon [_thread_blocked, id=2780, stack(0x000000001dbc0000,0x000000001dcc0000)]
  0x000000001c689800 JavaThread "Signal Dispatcher" daemon [_thread_blocked, id=4800, stack(0x000000001dac0000,0x000000001dbc0000)]
  0x0000000003005800 JavaThread "Finalizer" daemon [_thread_blocked, id=8916, stack(0x000000001d8e0000,0x000000001d9e0000)]
  0x0000000002ffd000 JavaThread "Reference Handler" daemon [_thread_blocked, id=7916, stack(0x000000001d7e0000,0x000000001d8e0000)]
  0x0000000002f10800 JavaThread "main" [_thread_in_native, id=8684, stack(0x0000000002e10000,0x0000000002f10000)]

Other Threads:
  0x000000001c657800 VMThread [stack: 0x000000001d6e0000,0x000000001d7e0000] [id=3384]
  0x000000001dffd800 WatcherThread [stack: 0x000000001e4c0000,0x000000001e5c0000] [id=7704]

VM state:not at safepoint (normal execution)

VM Mutex/Monitor currently owned by a thread: None

Heap:
 PSYoungGen      total 37888K, used 36702K [0x000000076b000000, 0x000000076f980000, 0x00000007c0000000)
  eden space 37376K, 97% used [0x000000076b000000,0x000000076d3b7b88,0x000000076d480000)
  from space 512K, 25% used [0x000000076f900000,0x000000076f920000,0x000000076f980000)
  to   space 512K, 0% used [0x000000076f880000,0x000000076f880000,0x000000076f900000)
 ParOldGen       total 175104K, used 460K [0x00000006c1000000, 0x00000006cbb00000, 0x000000076b000000)
  object space 175104K, 0% used [0x00000006c1000000,0x00000006c10730c0,0x00000006cbb00000)
 Metaspace       used 2655K, capacity 4564K, committed 4864K, reserved 1056768K
  class space    used 288K, capacity 388K, committed 512K, reserved 1048576K

Card table byte_map: [0x00000000123d0000,0x0000000012bd0000] byte_map_base: 0x000000000edc8000

Marking Bits: (ParMarkBitMap*) 0x000000006721a5b0
 Begin Bits: [0x0000000013520000, 0x00000000174e0000)
 End Bits:   [0x00000000174e0000, 0x000000001b4a0000)

Polling page: 0x0000000002d80000

CodeCache: size=245760Kb used=1811Kb max_used=1811Kb free=243948Kb
 bounds [0x0000000003010000, 0x0000000003280000, 0x0000000012010000]
 total_blobs=429 nmethods=198 adapters=145
 compilation: enabled

Compilation events (10 events):
Event: 3.733 Thread 0x000000001c696800  197  s    3       java.util.Vector::addElement (38 bytes)
Event: 3.733 Thread 0x000000001c696800 nmethod 197 0x0000000003188990 code [0x0000000003188b20, 0x0000000003189048]
Event: 3.733 Thread 0x000000001c696800  196       3       java.lang.Integer::valueOf (32 bytes)
Event: 3.733 Thread 0x000000001c696800 nmethod 196 0x0000000003188310 code [0x0000000003188480, 0x00000000031887d0]
Event: 3.746 Thread 0x000000001c696800  198       3       PBTreeNode::stealRight (204 bytes)
Event: 3.747 Thread 0x000000001c696800 nmethod 198 0x00000000031ce110 code [0x00000000031ce320, 0x00000000031ced78]
Event: 3.748 Thread 0x000000001c693000 nmethod 190 0x00000000031cf550 code [0x00000000031cfa00, 0x00000000031d1d70]
Event: 3.768 Thread 0x000000001c696800  199       3       PBTreeNode::remove (1035 bytes)
Event: 3.771 Thread 0x000000001c696800 nmethod 199 0x00000000031d4110 code [0x00000000031d4880, 0x00000000031d82d8]
Event: 3.801 Thread 0x000000001c68c800  200       4       PBTreeNode::remove (1035 bytes)

GC Heap History (10 events):
Event: 3.682 GC heap before
{Heap before GC invocations=54 (full 0):
 PSYoungGen      total 31744K, used 31328K [0x000000076b000000, 0x000000076f980000, 0x00000007c0000000)
  eden space 31232K, 100% used [0x000000076b000000,0x000000076ce80000,0x000000076ce80000)
  from space 512K, 18% used [0x000000076f880000,0x000000076f898000,0x000000076f900000)
  to   space 512K, 0% used [0x000000076f900000,0x000000076f900000,0x000000076f980000)
 ParOldGen       total 175104K, used 396K [0x00000006c1000000, 0x00000006cbb00000, 0x000000076b000000)
  object space 175104K, 0% used [0x00000006c1000000,0x00000006c10630a0,0x00000006cbb00000)
 Metaspace       used 2652K, capacity 4564K, committed 4864K, reserved 1056768K
  class space    used 288K, capacity 388K, committed 512K, reserved 1048576K
Event: 3.683 GC heap after
Heap after GC invocations=54 (full 0):
 PSYoungGen      total 31744K, used 96K [0x000000076b000000, 0x000000076f980000, 0x00000007c0000000)
  eden space 31232K, 0% used [0x000000076b000000,0x000000076b000000,0x000000076ce80000)
  from space 512K, 18% used [0x000000076f900000,0x000000076f918000,0x000000076f980000)
  to   space 512K, 0% used [0x000000076f880000,0x000000076f880000,0x000000076f900000)
 ParOldGen       total 175104K, used 396K [0x00000006c1000000, 0x00000006cbb00000, 0x000000076b000000)
  object space 175104K, 0% used [0x00000006c1000000,0x00000006c10630a0,0x00000006cbb00000)
 Metaspace       used 2652K, capacity 4564K, committed 4864K, reserved 1056768K
  class space    used 288K, capacity 388K, committed 512K, reserved 1048576K
}
Event: 3.711 GC heap before
{Heap before GC invocations=55 (full 0):
 PSYoungGen      total 31744K, used 31328K [0x000000076b000000, 0x000000076f980000, 0x00000007c0000000)
  eden space 31232K, 100% used [0x000000076b000000,0x000000076ce80000,0x000000076ce80000)
  from space 512K, 18% used [0x000000076f900000,0x000000076f918000,0x000000076f980000)
  to   space 512K, 0% used [0x000000076f880000,0x000000076f880000,0x000000076f900000)
 ParOldGen       total 175104K, used 396K [0x00000006c1000000, 0x00000006cbb00000, 0x000000076b000000)
  object space 175104K, 0% used [0x00000006c1000000,0x00000006c10630a0,0x00000006cbb00000)
 Metaspace       used 2654K, capacity 4564K, committed 4864K, reserved 1056768K
  class space    used 288K, capacity 388K, committed 512K, reserved 1048576K
Event: 3.712 GC heap after
Heap after GC invocations=55 (full 0):
 PSYoungGen      total 31744K, used 64K [0x000000076b000000, 0x000000076f980000, 0x00000007c0000000)
  eden space 31232K, 0% used [0x000000076b000000,0x000000076b000000,0x000000076ce80000)
  from space 512K, 12% used [0x000000076f880000,0x000000076f890000,0x000000076f900000)
  to   space 512K, 0% used [0x000000076f900000,0x000000076f900000,0x000000076f980000)
 ParOldGen       total 175104K, used 444K [0x00000006c1000000, 0x00000006cbb00000, 0x000000076b000000)
  object space 175104K, 0% used [0x00000006c1000000,0x00000006c106f0c0,0x00000006cbb00000)
 Metaspace       used 2654K, capacity 4564K, committed 4864K, reserved 1056768K
  class space    used 288K, capacity 388K, committed 512K, reserved 1048576K
}
Event: 3.744 GC heap before
{Heap before GC invocations=56 (full 0):
 PSYoungGen      total 31744K, used 31296K [0x000000076b000000, 0x000000076f980000, 0x00000007c0000000)
  eden space 31232K, 100% used [0x000000076b000000,0x000000076ce80000,0x000000076ce80000)
  from space 512K, 12% used [0x000000076f880000,0x000000076f890000,0x000000076f900000)
  to   space 512K, 0% used [0x000000076f900000,0x000000076f900000,0x000000076f980000)
 ParOldGen       total 175104K, used 444K [0x00000006c1000000, 0x00000006cbb00000, 0x000000076b000000)
  object space 175104K, 0% used [0x00000006c1000000,0x00000006c106f0c0,0x00000006cbb00000)
 Metaspace       used 2655K, capacity 4564K, committed 4864K, reserved 1056768K
  class space    used 288K, capacity 388K, committed 512K, reserved 1048576K
Event: 3.744 GC heap after
Heap after GC invocations=56 (full 0):
 PSYoungGen      total 31744K, used 64K [0x000000076b000000, 0x000000076f980000, 0x00000007c0000000)
  eden space 31232K, 0% used [0x000000076b000000,0x000000076b000000,0x000000076ce80000)
  from space 512K, 12% used [0x000000076f900000,0x000000076f910000,0x000000076f980000)
  to   space 512K, 0% used [0x000000076f880000,0x000000076f880000,0x000000076f900000)
 ParOldGen       total 175104K, used 452K [0x00000006c1000000, 0x00000006cbb00000, 0x000000076b000000)
  object space 175104K, 0% used [0x00000006c1000000,0x00000006c10710c0,0x00000006cbb00000)
 Metaspace       used 2655K, capacity 4564K, committed 4864K, reserved 1056768K
  class space    used 288K, capacity 388K, committed 512K, reserved 1048576K
}
Event: 3.772 GC heap before
{Heap before GC invocations=57 (full 0):
 PSYoungGen      total 31744K, used 31296K [0x000000076b000000, 0x000000076f980000, 0x00000007c0000000)
  eden space 31232K, 100% used [0x000000076b000000,0x000000076ce80000,0x000000076ce80000)
  from space 512K, 12% used [0x000000076f900000,0x000000076f910000,0x000000076f980000)
  to   space 512K, 0% used [0x000000076f880000,0x000000076f880000,0x000000076f900000)
 ParOldGen       total 175104K, used 452K [0x00000006c1000000, 0x00000006cbb00000, 0x000000076b000000)
  object space 175104K, 0% used [0x00000006c1000000,0x00000006c10710c0,0x00000006cbb00000)
 Metaspace       used 2655K, capacity 4564K, committed 4864K, reserved 1056768K
  class space    used 288K, capacity 388K, committed 512K, reserved 1048576K
Event: 3.772 GC heap after
Heap after GC invocations=57 (full 0):
 PSYoungGen      total 38400K, used 96K [0x000000076b000000, 0x000000076f980000, 0x00000007c0000000)
  eden space 37888K, 0% used [0x000000076b000000,0x000000076b000000,0x000000076d500000)
  from space 512K, 18% used [0x000000076f880000,0x000000076f898000,0x000000076f900000)
  to   space 512K, 0% used [0x000000076f900000,0x000000076f900000,0x000000076f980000)
 ParOldGen       total 175104K, used 460K [0x00000006c1000000, 0x00000006cbb00000, 0x000000076b000000)
  object space 175104K, 0% used [0x00000006c1000000,0x00000006c10730c0,0x00000006cbb00000)
 Metaspace       used 2655K, capacity 4564K, committed 4864K, reserved 1056768K
  class space    used 288K, capacity 388K, committed 512K, reserved 1048576K
}
Event: 3.803 GC heap before
{Heap before GC invocations=58 (full 0):
 PSYoungGen      total 38400K, used 37984K [0x000000076b000000, 0x000000076f980000, 0x00000007c0000000)
  eden space 37888K, 100% used [0x000000076b000000,0x000000076d500000,0x000000076d500000)
  from space 512K, 18% used [0x000000076f880000,0x000000076f898000,0x000000076f900000)
  to   space 512K, 0% used [0x000000076f900000,0x000000076f900000,0x000000076f980000)
 ParOldGen       total 175104K, used 460K [0x00000006c1000000, 0x00000006cbb00000, 0x000000076b000000)
  object space 175104K, 0% used [0x00000006c1000000,0x00000006c10730c0,0x00000006cbb00000)
 Metaspace       used 2655K, capacity 4564K, committed 4864K, reserved 1056768K
  class space    used 288K, capacity 388K, committed 512K, reserved 1048576K
Event: 3.804 GC heap after
Heap after GC invocations=58 (full 0):
 PSYoungGen      total 37888K, used 128K [0x000000076b000000, 0x000000076f980000, 0x00000007c0000000)
  eden space 37376K, 0% used [0x000000076b000000,0x000000076b000000,0x000000076d480000)
  from space 512K, 25% used [0x000000076f900000,0x000000076f920000,0x000000076f980000)
  to   space 512K, 0% used [0x000000076f880000,0x000000076f880000,0x000000076f900000)
 ParOldGen       total 175104K, used 460K [0x00000006c1000000, 0x00000006cbb00000, 0x000000076b000000)
  object space 175104K, 0% used [0x00000006c1000000,0x00000006c10730c0,0x00000006cbb00000)
 Metaspace       used 2655K, capacity 4564K, committed 4864K, reserved 1056768K
  class space    used 288K, capacity 388K, committed 512K, reserved 1048576K
}

Deoptimization events (6 events):
Event: 0.317 Thread 0x0000000002f10800 Uncommon trap: reason=unstable_if action=reinterpret pc=0x000000000316cab4 method=java.lang.ref.SoftReference.get()Ljava/lang/Object; @ 17
Event: 1.974 Thread 0x0000000002f10800 Uncommon trap: reason=unstable_if action=reinterpret pc=0x000000000319a8f4 method=java.lang.ref.SoftReference.get()Ljava/lang/Object; @ 17
Event: 2.208 Thread 0x0000000002f10800 Uncommon trap: reason=unstable_if action=reinterpret pc=0x0000000003163690 method=java.io.BufferedReader.readLine(Z)Ljava/lang/String; @ 55
Event: 2.208 Thread 0x0000000002f10800 Uncommon trap: reason=unstable_if action=reinterpret pc=0x00000000031831b0 method=PBTreeNode.insert(Ljava/lang/String;)Z @ 135
Event: 2.208 Thread 0x0000000002f10800 Uncommon trap: reason=unstable_if action=reinterpret pc=0x000000000317c800 method=PBTree.insert(Ljava/lang/String;)Z @ 77
Event: 3.767 Thread 0x0000000002f10800 Uncommon trap: reason=unstable_if action=reinterpret pc=0x00000000031d13a0 method=PBTreeNode.remove(Ljava/lang/String;)Z @ 199

Internal exceptions (2 events):
Event: 0.035 Thread 0x0000000002f10800 Exception <a 'java/lang/NoSuchMethodError': Method sun.misc.Unsafe.defineClass(Ljava/lang/String;[BII)Ljava/lang/Class; name or signature does not match> (0x000000076b00d580) thrown at [C:\workspace\8-2-build-windows-amd64-cygwin\jdk8u65\4987\hotspot\src\s»hû\¢?
Event: 0.035 Thread 0x0000000002f10800 Exception <a 'java/lang/NoSuchMethodError': Method sun.misc.Unsafe.prefetchRead(Ljava/lang/Object;J)V name or signature does not match> (0x000000076b00d868) thrown at [C:\workspace\8-2-build-windows-amd64-cygwin\jdk8u65\4987\hotspot\src\share\vm\prims\jni.

Events (10 events):
Event: 3.712 Executing VM operation: ParallelGCFailedAllocation done
Event: 3.744 Executing VM operation: ParallelGCFailedAllocation
Event: 3.744 Executing VM operation: ParallelGCFailedAllocation done
Event: 3.767 Thread 0x0000000002f10800 Uncommon trap: trap_request=0xffffff65 fr.pc=0x00000000031d13a0
Event: 3.767 Thread 0x0000000002f10800 DEOPT PACKING pc=0x00000000031d13a0 sp=0x0000000002f0f0f0
Event: 3.767 Thread 0x0000000002f10800 DEOPT UNPACKING pc=0x000000000305582a sp=0x0000000002f0f098 mode 2
Event: 3.772 Executing VM operation: ParallelGCFailedAllocation
Event: 3.772 Executing VM operation: ParallelGCFailedAllocation done
Event: 3.803 Executing VM operation: ParallelGCFailedAllocation
Event: 3.804 Executing VM operation: ParallelGCFailedAllocation done


Dynamic libraries:
0x00007ff6c0c10000 - 0x00007ff6c0c47000 	C:\Program Files\Java\jre1.8.0_65\bin\javaw.exe
0x00007ff8f8400000 - 0x00007ff8f85c1000 	C:\WINDOWS\SYSTEM32\ntdll.dll
0x00007ff8f7e70000 - 0x00007ff8f7f1d000 	C:\WINDOWS\system32\KERNEL32.DLL
0x00007ff8f5830000 - 0x00007ff8f5a0d000 	C:\WINDOWS\system32\KERNELBASE.dll
0x00007ff8f7a00000 - 0x00007ff8f7aa6000 	C:\WINDOWS\system32\ADVAPI32.dll
0x00007ff8f5e90000 - 0x00007ff8f5f2d000 	C:\WINDOWS\system32\msvcrt.dll
0x00007ff8f5d70000 - 0x00007ff8f5dcb000 	C:\WINDOWS\system32\sechost.dll
0x00007ff8f8200000 - 0x00007ff8f8326000 	C:\WINDOWS\system32\RPCRT4.dll
0x00007ff8f7ab0000 - 0x00007ff8f7bfe000 	C:\WINDOWS\system32\USER32.dll
0x00007ff8f7ce0000 - 0x00007ff8f7e66000 	C:\WINDOWS\system32\GDI32.dll
0x00007ff8f20a0000 - 0x00007ff8f2314000 	C:\WINDOWS\WinSxS\amd64_microsoft.windows.common-controls_6595b64144ccf1df_6.0.10240.16384_none_f41f7b285750ef43\COMCTL32.dll
0x00007ff8f6490000 - 0x00007ff8f64c6000 	C:\WINDOWS\system32\IMM32.DLL
0x00007ff8f6100000 - 0x00007ff8f625c000 	C:\WINDOWS\system32\MSCTF.dll
0x0000000066860000 - 0x0000000066932000 	C:\Program Files\Java\jre1.8.0_65\bin\msvcr100.dll
0x0000000066a10000 - 0x0000000067299000 	C:\Program Files\Java\jre1.8.0_65\bin\server\jvm.dll
0x00007ff8f5b40000 - 0x00007ff8f5b48000 	C:\WINDOWS\system32\PSAPI.DLL
0x00007ff8e82d0000 - 0x00007ff8e82d9000 	C:\WINDOWS\SYSTEM32\WSOCK32.dll
0x00007ff8f3370000 - 0x00007ff8f3393000 	C:\WINDOWS\SYSTEM32\WINMM.dll
0x00007ff8f63c0000 - 0x00007ff8f6429000 	C:\WINDOWS\system32\WS2_32.dll
0x00007ff8f63b0000 - 0x00007ff8f63b8000 	C:\WINDOWS\system32\NSI.dll
0x00007ff8f2330000 - 0x00007ff8f233a000 	C:\WINDOWS\SYSTEM32\VERSION.dll
0x0000000002d50000 - 0x0000000002d7c000 	C:\WINDOWS\SYSTEM32\WINMMBASE.dll
0x00007ff8f5100000 - 0x00007ff8f5144000 	C:\WINDOWS\system32\cfgmgr32.dll
0x00007ff8f37a0000 - 0x00007ff8f37c7000 	C:\WINDOWS\SYSTEM32\DEVOBJ.dll
0x0000000066a00000 - 0x0000000066a0f000 	C:\Program Files\Java\jre1.8.0_65\bin\verify.dll
0x00000000669d0000 - 0x00000000669f9000 	C:\Program Files\Java\jre1.8.0_65\bin\java.dll
0x00000000669b0000 - 0x00000000669c6000 	C:\Program Files\Java\jre1.8.0_65\bin\zip.dll
0x00007ff8f64d0000 - 0x00007ff8f79f2000 	C:\WINDOWS\system32\SHELL32.dll
0x00007ff8f5200000 - 0x00007ff8f5828000 	C:\WINDOWS\system32\windows.storage.dll
0x00007ff8f7f20000 - 0x00007ff8f819c000 	C:\WINDOWS\system32\combase.dll
0x00007ff8f81a0000 - 0x00007ff8f81f1000 	C:\WINDOWS\system32\shlwapi.dll
0x00007ff8f4ea0000 - 0x00007ff8f4eaf000 	C:\WINDOWS\system32\kernel.appcore.dll
0x00007ff8f5a10000 - 0x00007ff8f5ac3000 	C:\WINDOWS\system32\shcore.dll
0x00007ff8f4e30000 - 0x00007ff8f4e7a000 	C:\WINDOWS\system32\powrprof.dll
0x00007ff8f4e80000 - 0x00007ff8f4e93000 	C:\WINDOWS\system32\profapi.dll
0x00007ff8d8ec0000 - 0x00007ff8d904a000 	C:\WINDOWS\SYSTEM32\dbghelp.dll

VM Arguments:
jvm_args: -Dfile.encoding=Cp1252 
java_command: PBTree
java_class_path (initial): C:\Users\user\workspace\Persistent BTree\bin
Launcher Type: SUN_STANDARD

Environment Variables:
PATH=C:/Program Files/Java/jre1.8.0_65/bin/server;C:/Program Files/Java/jre1.8.0_65/bin;C:/Program Files/Java/jre1.8.0_65/lib/amd64;C:\Program Files\Broadcom\Broadcom 802.11;;C:\ProgramData\Oracle\Java\javapath;C:\Program Files (x86)\Intel\iCLS Client\;C:\Program Files\Intel\iCLS Client\;C:\WINDOWS\system32;C:\WINDOWS;C:\WINDOWS\System32\Wbem;C:\WINDOWS\System32\WindowsPowerShell\v1.0\;C:\Program Files\Hewlett-Packard\SimplePass\;C:\Program Files\D3DGear;C:\Program Files\Calibre2\;C:\Program Files (x86)\Skype\Phone\;C:\Program Files (x86)\NVIDIA Corporation\PhysX\Common;C:\Program Files (x86)\Intel\Intel(R) Management Engine Components\DAL;C:\Program Files\Intel\Intel(R) Management Engine Components\DAL;C:\Program Files (x86)\Intel\Intel(R) Management Engine Components\IPT;C:\Program Files\Intel\Intel(R) Management Engine Components\IPT;C:\Users\user\Desktop;
USERNAME=user
OS=Windows_NT
PROCESSOR_IDENTIFIER=Intel64 Family 6 Model 69 Stepping 1, GenuineIntel



---------------  S Y S T E M  ---------------

OS: Windows 10.0 , 64 bit Build 10240 (10.0.10240.16384)

CPU:total 4 (2 cores per cpu, 2 threads per core) family 6 model 69 stepping 1, cmov, cx8, fxsr, mmx, sse, sse2, sse3, ssse3, sse4.1, sse4.2, popcnt, avx, avx2, aes, clmul, erms, lzcnt, ht, tsc, tscinvbit, bmi1, bmi2

Memory: 4k page, physical 16705688k(12996064k free), swap 19196056k(15129452k free)

vm_info: Java HotSpot(TM) 64-Bit Server VM (25.65-b01) for windows-amd64 JRE (1.8.0_65-b17), built on Oct  6 2015 16:39:20 by "java_re" with MS VC++ 10.0 (VS2010)

time: Thu Nov 19 01:20:33 2015
elapsed time: 3 seconds (0d 0h 0m 3s)

